mode: atomic
github.com/aigate/handler/chat_handler.go:20.68,24.2 1 5
github.com/aigate/handler/chat_handler.go:27.44,29.47 2 4
github.com/aigate/handler/chat_handler.go:29.47,32.3 2 2
github.com/aigate/handler/chat_handler.go:35.2,35.17 1 2
github.com/aigate/handler/chat_handler.go:35.17,37.17 2 2
github.com/aigate/handler/chat_handler.go:37.17,41.4 3 1
github.com/aigate/handler/chat_handler.go:42.3,43.9 2 1
github.com/aigate/handler/chat_handler.go:47.2,51.98 4 0
github.com/aigate/handler/chat_handler.go:51.98,55.3 3 0
github.com/aigate/handler/chat_handler.go:57.2,57.16 1 0
github.com/aigate/handler/chat_handler.go:57.16,61.3 3 0
github.com/aigate/handler/chat_handler.go:65.53,68.2 2 1
github.com/aigate/provider/anthropic.go:23.73,30.2 1 2
github.com/aigate/provider/anthropic.go:32.43,34.2 1 3
github.com/aigate/provider/anthropic.go:36.108,38.21 2 0
github.com/aigate/provider/anthropic.go:38.21,40.3 1 0
github.com/aigate/provider/anthropic.go:43.2,45.35 3 0
github.com/aigate/provider/anthropic.go:45.35,46.27 1 0
github.com/aigate/provider/anthropic.go:46.27,48.12 2 0
github.com/aigate/provider/anthropic.go:50.3,53.5 1 0
github.com/aigate/provider/anthropic.go:56.2,61.24 2 0
github.com/aigate/provider/anthropic.go:61.24,63.3 1 0
github.com/aigate/provider/anthropic.go:65.2,66.16 2 0
github.com/aigate/provider/anthropic.go:66.16,68.3 1 0
github.com/aigate/provider/anthropic.go:70.2,71.16 2 0
github.com/aigate/provider/anthropic.go:71.16,73.3 1 0
github.com/aigate/provider/anthropic.go:74.2,79.16 5 0
github.com/aigate/provider/anthropic.go:79.16,81.3 1 0
github.com/aigate/provider/anthropic.go:82.2,85.16 3 0
github.com/aigate/provider/anthropic.go:85.16,87.3 1 0
github.com/aigate/provider/anthropic.go:89.2,89.38 1 0
github.com/aigate/provider/anthropic.go:89.38,91.3 1 0
github.com/aigate/provider/anthropic.go:93.2,94.65 2 0
github.com/aigate/provider/anthropic.go:94.65,96.3 1 0
github.com/aigate/provider/anthropic.go:98.2,99.36 2 0
github.com/aigate/provider/anthropic.go:99.36,101.3 1 0
github.com/aigate/provider/anthropic.go:103.2,113.8 1 0
github.com/aigate/provider/anthropic.go:116.138,119.2 1 0
github.com/aigate/provider/openai.go:23.67,30.2 1 2
github.com/aigate/provider/openai.go:32.40,34.2 1 3
github.com/aigate/provider/openai.go:36.105,38.21 2 0
github.com/aigate/provider/openai.go:38.21,40.3 1 0
github.com/aigate/provider/openai.go:43.2,49.16 3 0
github.com/aigate/provider/openai.go:49.16,51.3 1 0
github.com/aigate/provider/openai.go:53.2,54.16 2 0
github.com/aigate/provider/openai.go:54.16,56.3 1 0
github.com/aigate/provider/openai.go:57.2,61.16 4 0
github.com/aigate/provider/openai.go:61.16,63.3 1 0
github.com/aigate/provider/openai.go:64.2,67.16 3 0
github.com/aigate/provider/openai.go:67.16,69.3 1 0
github.com/aigate/provider/openai.go:71.2,71.38 1 0
github.com/aigate/provider/openai.go:71.38,73.3 1 0
github.com/aigate/provider/openai.go:76.2,77.62 2 0
github.com/aigate/provider/openai.go:77.62,79.3 1 0
github.com/aigate/provider/openai.go:81.2,82.33 2 0
github.com/aigate/provider/openai.go:82.33,84.3 1 0
github.com/aigate/provider/openai.go:86.2,96.8 1 0
github.com/aigate/provider/openai.go:99.135,102.2 1 0
github.com/aigate/provider/provider.go:27.30,31.2 1 8
github.com/aigate/provider/provider.go:34.41,36.2 1 5
github.com/aigate/provider/provider.go:39.55,41.9 2 4
github.com/aigate/provider/provider.go:41.9,43.3 1 1
github.com/aigate/provider/provider.go:44.2,44.15 1 3
github.com/aigate/provider/provider.go:48.48,50.35 2 3
github.com/aigate/provider/provider.go:50.35,55.3 1 2
github.com/aigate/provider/provider.go:56.2,56.13 1 3
github.com/aigate/provider/provider.go:60.50,63.47 2 3
github.com/aigate/provider/provider.go:63.47,64.27 1 4
github.com/aigate/provider/provider.go:64.27,65.12 1 2
github.com/aigate/provider/provider.go:67.3,67.15 1 2
github.com/aigate/provider/provider.go:68.17,69.53 1 1
github.com/aigate/provider/provider.go:70.20,71.56 1 1
github.com/aigate/provider/provider.go:75.2,75.17 1 3
github.com/aigate/service/chat_service.go:17.63,21.2 1 7
github.com/aigate/service/chat_service.go:24.102,26.16 2 3
github.com/aigate/service/chat_service.go:26.16,28.3 1 1
github.com/aigate/service/chat_service.go:29.2,29.25 1 2
github.com/aigate/service/chat_service.go:33.132,35.16 2 2
github.com/aigate/service/chat_service.go:35.16,37.3 1 1
github.com/aigate/service/chat_service.go:38.2,38.41 1 1
github.com/aigate/service/chat_service.go:42.60,44.2 1 1
github.com/aigate/middleware/cors.go:8.29,9.30 1 2
github.com/aigate/middleware/cors.go:9.30,15.36 5 2
github.com/aigate/middleware/cors.go:15.36,18.4 2 1
github.com/aigate/middleware/cors.go:20.3,20.11 1 1
github.com/aigate/middleware/logger.go:12.31,13.30 1 1
github.com/aigate/middleware/logger.go:13.30,23.3 6 1
github.com/aigate/middleware/recovery.go:13.33,14.30 1 2
github.com/aigate/middleware/recovery.go:14.30,15.16 1 2
github.com/aigate/middleware/recovery.go:15.16,16.36 1 2
github.com/aigate/middleware/recovery.go:16.36,20.5 3 1
github.com/aigate/middleware/recovery.go:22.3,22.11 1 2
github.com/aigate/pkg/response/response.go:17.48,23.2 1 1
github.com/aigate/pkg/response/response.go:26.58,31.2 1 1
github.com/aigate/pkg/response/response.go:34.79,39.2 1 1
github.com/aigate/pkg/logger/logger.go:24.28,25.35 1 12
github.com/aigate/pkg/logger/logger.go:26.15,27.21 1 3
github.com/aigate/pkg/logger/logger.go:28.14,29.20 1 3
github.com/aigate/pkg/logger/logger.go:30.14,31.20 1 2
github.com/aigate/pkg/logger/logger.go:32.15,33.21 1 3
github.com/aigate/pkg/logger/logger.go:34.10,35.20 1 1
github.com/aigate/pkg/logger/logger.go:38.2,41.71 4 12
github.com/aigate/pkg/logger/logger.go:44.46,45.25 1 2
github.com/aigate/pkg/logger/logger.go:45.25,47.3 1 1
github.com/aigate/pkg/logger/logger.go:50.45,51.24 1 1
github.com/aigate/pkg/logger/logger.go:51.24,53.3 1 1
github.com/aigate/pkg/logger/logger.go:56.45,57.24 1 2
github.com/aigate/pkg/logger/logger.go:57.24,59.3 1 1
github.com/aigate/pkg/logger/logger.go:62.46,63.25 1 1
github.com/aigate/pkg/logger/logger.go:63.25,65.3 1 1
github.com/aigate/config/config.go:33.30,38.16 4 3
github.com/aigate/config/config.go:38.16,39.25 1 1
github.com/aigate/config/config.go:39.25,42.4 1 1
github.com/aigate/config/config.go:43.3,43.60 1 0
github.com/aigate/config/config.go:46.2,46.50 1 2
github.com/aigate/config/config.go:46.50,48.3 1 1
github.com/aigate/config/config.go:50.2,50.17 1 1
github.com/aigate/config/config.go:54.29,56.16 2 5
github.com/aigate/config/config.go:56.16,58.3 1 4
github.com/aigate/config/config.go:59.2,59.22 1 1
github.com/aigate/config/config.go:63.30,85.2 1 4
github.com/aigate/router/router.go:16.44,36.40 9 15
github.com/aigate/router/router.go:36.40,41.3 1 1
github.com/aigate/router/router.go:44.2,45.2 2 15
github.com/aigate/router/router.go:45.2,50.3 2 15
github.com/aigate/router/router.go:52.2,52.10 1 15
